<?xml version="1.0" encoding="UTF-8"?>
<!-- Generated by org.testng.reporters.JUnitXMLReporter -->
<testsuite ignored="0" hostname="LAPTOP-QMS3NT3N" failures="0" tests="5" name="Default test" time="35.61" errors="0" timestamp="2026-02-19T05:35:09 IST">
  <testcase classname="testCases.RegisterAccount" name="reg_MandatoryFields" time="3.322"/>
  <testcase classname="testCases.RegisterAccount" name="reg_MandatoryFields" time="3.264"/>
  <testcase classname="testCases.RegisterAccount" name="reg_AllFields" time="2.744"/>
  <testcase classname="testCases.RegisterAccount" name="reg_AllFields" time="2.976"/>
  <testcase classname="testCases.RegisterAccount" name="reg_NoFields" time="6.732"/>
</testsuite> <!-- Default test -->
