<?xml version="1.0" encoding="UTF-8"?>
<!-- Generated by org.testng.reporters.JUnitXMLReporter -->
<testsuite ignored="0" hostname="LAPTOP-QMS3NT3N" failures="0" tests="5" name="Test" time="30.709" errors="0" timestamp="2026-02-19T06:13:31 IST">
  <testcase classname="testCases.RegisterAccount" name="reg_MandatoryFields" time="3.094"/>
  <testcase classname="testCases.RegisterAccount" name="reg_MandatoryFields" time="2.576"/>
  <testcase classname="testCases.RegisterAccount" name="reg_AllFields" time="2.742"/>
  <testcase classname="testCases.RegisterAccount" name="reg_AllFields" time="2.774"/>
  <testcase classname="testCases.RegisterAccount" name="reg_NoFields" time="1.917"/>
</testsuite> <!-- Test -->
