<?xml version="1.0" encoding="UTF-8"?>
<!-- Generated by org.testng.reporters.JUnitXMLReporter -->
<testsuite ignored="0" hostname="LAPTOP-QMS3NT3N" failures="0" tests="5" name="Test" time="24.926" errors="0" timestamp="2026-02-21T16:12:15 IST">
  <testcase classname="testCases.RegisterAccount" name="reg_MandatoryFields" time="2.544"/>
  <testcase classname="testCases.RegisterAccount" name="reg_MandatoryFields" time="2.172"/>
  <testcase classname="testCases.RegisterAccount" name="reg_AllFields" time="2.299"/>
  <testcase classname="testCases.RegisterAccount" name="reg_AllFields" time="2.189"/>
  <testcase classname="testCases.RegisterAccount" name="reg_NoFields" time="1.145"/>
</testsuite> <!-- Test -->
