<?xml version="1.0" encoding="UTF-8"?>
<testsuite xmlns:xsi="http://www.w3.org/2001/XMLSchema-instance" xsi:noNamespaceSchemaLocation="https://maven.apache.org/surefire/maven-surefire-plugin/xsd/surefire-test-report-3.0.xsd" version="3.0" name="TestSuite" time="25.657" tests="5" errors="0" skipped="0" failures="0">
  <properties>
[...]
</properties>
  <testcase name="reg_MandatoryFields[Vivek, Kumar, vivek, 9876543210, Test@123](1)" classname="testCases.RegisterAccount" time="2.542">
    <system-out><![CDATA[2026-02-21 16:11:55 - INFO - RegisterAccount - ========== TC1 Started ==========
2026-02-21 16:11:56 - INFO - RegisterAccount - Clicked on Register link
2026-02-21 16:11:56 - INFO - RegisterAccount - Entered mandatory registration details
2026-02-21 16:11:56 - INFO - RegisterAccount - Accepted Privacy Policy
2026-02-21 16:11:57 - INFO - RegisterAccount - Clicked Continue button
2026-02-21 16:11:58 - INFO - RegisterAccount - TC1 PASSED - Account Created Successfully
]]></system-out>
    <system-err><![CDATA[SLF4J(W): No SLF4J providers were found.
SLF4J(W): Defaulting to no-operation (NOP) logger implementation
SLF4J(W): See https://www.slf4j.org/codes.html#noProviders for further details.
Feb 21, 2026 4:11:54 PM org.openqa.selenium.devtools.CdpVersionFinder findNearestMatch
WARNING: Unable to find an exact match for CDP version 145, returning the closest version; found: 144; Please update to a Selenium version that supports CDP version 145
]]></system-err>
  </testcase>
  <testcase name="reg_MandatoryFields[Rahul, Sharma, rahul, 9999999999, Test@123](2)" classname="testCases.RegisterAccount" time="2.171">
    <system-out><![CDATA[2026-02-21 16:12:00 - INFO - RegisterAccount - ========== TC1 Started ==========
2026-02-21 16:12:01 - INFO - RegisterAccount - Clicked on Register link
2026-02-21 16:12:01 - INFO - RegisterAccount - Entered mandatory registration details
2026-02-21 16:12:01 - INFO - RegisterAccount - Accepted Privacy Policy
2026-02-21 16:12:02 - INFO - RegisterAccount - Clicked Continue button
2026-02-21 16:12:02 - INFO - RegisterAccount - TC1 PASSED - Account Created Successfully
]]></system-out>
    <system-err><![CDATA[Feb 21, 2026 4:11:59 PM org.openqa.selenium.devtools.CdpVersionFinder findNearestMatch
WARNING: Unable to find an exact match for CDP version 145, returning the closest version; found: 144; Please update to a Selenium version that supports CDP version 145
]]></system-err>
  </testcase>
  <testcase name="reg_AllFields[Amit, Singh, amit, 8888888888, Test@123, yes](1)" classname="testCases.RegisterAccount" time="2.298">
    <system-out><![CDATA[2026-02-21 16:12:05 - INFO - RegisterAccount - ========== TC2 Started ==========
2026-02-21 16:12:05 - INFO - RegisterAccount - Clicked on Register link
2026-02-21 16:12:06 - INFO - RegisterAccount - Entered all registration details
2026-02-21 16:12:06 - INFO - RegisterAccount - Newsletter option selected
2026-02-21 16:12:07 - INFO - RegisterAccount - Clicked Continue button
2026-02-21 16:12:07 - INFO - RegisterAccount - TC2 PASSED - Account Created Successfully
]]></system-out>
    <system-err><![CDATA[Feb 21, 2026 4:12:04 PM org.openqa.selenium.devtools.CdpVersionFinder findNearestMatch
WARNING: Unable to find an exact match for CDP version 145, returning the closest version; found: 144; Please update to a Selenium version that supports CDP version 145
]]></system-err>
  </testcase>
  <testcase name="reg_AllFields[Neha, Verma, neha, 7777777777, Test@123, yes](2)" classname="testCases.RegisterAccount" time="2.189">
    <system-out><![CDATA[2026-02-21 16:12:09 - INFO - RegisterAccount - ========== TC2 Started ==========
2026-02-21 16:12:10 - INFO - RegisterAccount - Clicked on Register link
2026-02-21 16:12:10 - INFO - RegisterAccount - Entered all registration details
2026-02-21 16:12:11 - INFO - RegisterAccount - Newsletter option selected
2026-02-21 16:12:12 - INFO - RegisterAccount - Clicked Continue button
2026-02-21 16:12:12 - INFO - RegisterAccount - TC2 PASSED - Account Created Successfully
]]></system-out>
    <system-err><![CDATA[Feb 21, 2026 4:12:08 PM org.openqa.selenium.devtools.CdpVersionFinder findNearestMatch
WARNING: Unable to find an exact match for CDP version 145, returning the closest version; found: 144; Please update to a Selenium version that supports CDP version 145
]]></system-err>
  </testcase>
  <testcase name="reg_NoFields[Warning: You must agree to the Privacy Policy!](1)" classname="testCases.RegisterAccount" time="1.144">
    <system-out><![CDATA[2026-02-21 16:12:14 - INFO - RegisterAccount - ========== TC3 Started ==========
2026-02-21 16:12:14 - INFO - RegisterAccount - Clicked on Register link
2026-02-21 16:12:15 - INFO - RegisterAccount - Clicked Continue without entering data
2026-02-21 16:12:15 - INFO - RegisterAccount - TC3 PASSED - Warning Message Displayed
]]></system-out>
    <system-err><![CDATA[Feb 21, 2026 4:12:13 PM org.openqa.selenium.devtools.CdpVersionFinder findNearestMatch
WARNING: Unable to find an exact match for CDP version 145, returning the closest version; found: 144; Please update to a Selenium version that supports CDP version 145
]]></system-err>
  </testcase>
</testsuite>