<?xml version="1.0" encoding="UTF-8"?>
<testng-results ignored="0" total="5" passed="5" failed="0" skipped="0">
  <reporter-output>
  </reporter-output>
  <suite started-at="2026-02-19T06:13:01 IST" name="Suite" finished-at="2026-02-19T06:13:31 IST" duration-ms="30709">
    <groups>
    </groups>
    <test started-at="2026-02-19T06:13:01 IST" name="Test" finished-at="2026-02-19T06:13:31 IST" duration-ms="30709">
      <class name="testCases.RegisterAccount">
        <test-method is-config="true" signature="setup()[pri:0, instance:testCases.RegisterAccount@175c2241]" started-at="2026-02-19T06:13:03 IST" name="setup" finished-at="2026-02-19T06:13:07 IST" duration-ms="4297" status="PASS">
          <reporter-output>
          </reporter-output>
        </test-method> <!-- setup -->
        <test-method signature="reg_MandatoryFields(java.lang.String,java.lang.String,java.lang.String,java.lang.String,java.lang.String)[pri:1, instance:testCases.RegisterAccount@175c2241]" started-at="2026-02-19T06:13:07 IST" name="reg_MandatoryFields" data-provider="MandatoryData" finished-at="2026-02-19T06:13:10 IST" duration-ms="3094" status="PASS">
          <params>
            <param index="0">
              <value>
                <![CDATA[Vivek]]>
              </value>
            </param>
            <param index="1">
              <value>
                <![CDATA[Kumar]]>
              </value>
            </param>
            <param index="2">
              <value>
                <![CDATA[vivek]]>
              </value>
            </param>
            <param index="3">
              <value>
                <![CDATA[9876543210]]>
              </value>
            </param>
            <param index="4">
              <value>
                <![CDATA[Test@123]]>
              </value>
            </param>
          </params>
          <reporter-output>
          </reporter-output>
        </test-method> <!-- reg_MandatoryFields -->
        <test-method is-config="true" signature="tearDown(org.testng.ITestResult)[pri:0, instance:testCases.RegisterAccount@175c2241]" started-at="2026-02-19T06:13:10 IST" name="tearDown" finished-at="2026-02-19T06:13:11 IST" duration-ms="974" status="PASS">
          <params>
            <param index="0">
              <value>
                <![CDATA[[TestResult name=reg_MandatoryFields status=SUCCESS method=RegisterAccount.reg_MandatoryFields(java.lang.String,java.lang.String,java.lang.String,java.lang.String,java.lang.String)[pri:1, instance:testCases.RegisterAccount@175c2241] output={null}]]]>
              </value>
            </param>
          </params>
          <reporter-output>
          </reporter-output>
        </test-method> <!-- tearDown -->
        <test-method is-config="true" signature="setup()[pri:0, instance:testCases.RegisterAccount@175c2241]" started-at="2026-02-19T06:13:11 IST" name="setup" finished-at="2026-02-19T06:13:13 IST" duration-ms="2145" status="PASS">
          <reporter-output>
          </reporter-output>
        </test-method> <!-- setup -->
        <test-method signature="reg_MandatoryFields(java.lang.String,java.lang.String,java.lang.String,java.lang.String,java.lang.String)[pri:1, instance:testCases.RegisterAccount@175c2241]" started-at="2026-02-19T06:13:13 IST" name="reg_MandatoryFields" data-provider="MandatoryData" finished-at="2026-02-19T06:13:16 IST" duration-ms="2576" status="PASS">
          <params>
            <param index="0">
              <value>
                <![CDATA[Rahul]]>
              </value>
            </param>
            <param index="1">
              <value>
                <![CDATA[Sharma]]>
              </value>
            </param>
            <param index="2">
              <value>
                <![CDATA[rahul]]>
              </value>
            </param>
            <param index="3">
              <value>
                <![CDATA[9999999999]]>
              </value>
            </param>
            <param index="4">
              <value>
                <![CDATA[Test@123]]>
              </value>
            </param>
          </params>
          <reporter-output>
          </reporter-output>
        </test-method> <!-- reg_MandatoryFields -->
        <test-method is-config="true" signature="tearDown(org.testng.ITestResult)[pri:0, instance:testCases.RegisterAccount@175c2241]" started-at="2026-02-19T06:13:16 IST" name="tearDown" finished-at="2026-02-19T06:13:16 IST" duration-ms="508" status="PASS">
          <params>
            <param index="0">
              <value>
                <![CDATA[[TestResult name=reg_MandatoryFields status=SUCCESS method=RegisterAccount.reg_MandatoryFields(java.lang.String,java.lang.String,java.lang.String,java.lang.String,java.lang.String)[pri:1, instance:testCases.RegisterAccount@175c2241] output={null}]]]>
              </value>
            </param>
          </params>
          <reporter-output>
          </reporter-output>
        </test-method> <!-- tearDown -->
        <test-method is-config="true" signature="setup()[pri:0, instance:testCases.RegisterAccount@175c2241]" started-at="2026-02-19T06:13:16 IST" name="setup" finished-at="2026-02-19T06:13:19 IST" duration-ms="2168" status="PASS">
          <reporter-output>
          </reporter-output>
        </test-method> <!-- setup -->
        <test-method signature="reg_AllFields(java.lang.String,java.lang.String,java.lang.String,java.lang.String,java.lang.String,java.lang.String)[pri:2, instance:testCases.RegisterAccount@175c2241]" started-at="2026-02-19T06:13:19 IST" name="reg_AllFields" data-provider="AllFieldsData" finished-at="2026-02-19T06:13:21 IST" duration-ms="2742" status="PASS">
          <params>
            <param index="0">
              <value>
                <![CDATA[Amit]]>
              </value>
            </param>
            <param index="1">
              <value>
                <![CDATA[Singh]]>
              </value>
            </param>
            <param index="2">
              <value>
                <![CDATA[amit]]>
              </value>
            </param>
            <param index="3">
              <value>
                <![CDATA[8888888888]]>
              </value>
            </param>
            <param index="4">
              <value>
                <![CDATA[Test@123]]>
              </value>
            </param>
            <param index="5">
              <value>
                <![CDATA[yes]]>
              </value>
            </param>
          </params>
          <reporter-output>
          </reporter-output>
        </test-method> <!-- reg_AllFields -->
        <test-method is-config="true" signature="tearDown(org.testng.ITestResult)[pri:0, instance:testCases.RegisterAccount@175c2241]" started-at="2026-02-19T06:13:21 IST" name="tearDown" finished-at="2026-02-19T06:13:22 IST" duration-ms="470" status="PASS">
          <params>
            <param index="0">
              <value>
                <![CDATA[[TestResult name=reg_AllFields status=SUCCESS method=RegisterAccount.reg_AllFields(java.lang.String,java.lang.String,java.lang.String,java.lang.String,java.lang.String,java.lang.String)[pri:2, instance:testCases.RegisterAccount@175c2241] output={null}]]]>
              </value>
            </param>
          </params>
          <reporter-output>
          </reporter-output>
        </test-method> <!-- tearDown -->
        <test-method is-config="true" signature="setup()[pri:0, instance:testCases.RegisterAccount@175c2241]" started-at="2026-02-19T06:13:22 IST" name="setup" finished-at="2026-02-19T06:13:24 IST" duration-ms="2083" status="PASS">
          <reporter-output>
          </reporter-output>
        </test-method> <!-- setup -->
        <test-method signature="reg_AllFields(java.lang.String,java.lang.String,java.lang.String,java.lang.String,java.lang.String,java.lang.String)[pri:2, instance:testCases.RegisterAccount@175c2241]" started-at="2026-02-19T06:13:24 IST" name="reg_AllFields" data-provider="AllFieldsData" finished-at="2026-02-19T06:13:27 IST" duration-ms="2774" status="PASS">
          <params>
            <param index="0">
              <value>
                <![CDATA[Neha]]>
              </value>
            </param>
            <param index="1">
              <value>
                <![CDATA[Verma]]>
              </value>
            </param>
            <param index="2">
              <value>
                <![CDATA[neha]]>
              </value>
            </param>
            <param index="3">
              <value>
                <![CDATA[7777777777]]>
              </value>
            </param>
            <param index="4">
              <value>
                <![CDATA[Test@123]]>
              </value>
            </param>
            <param index="5">
              <value>
                <![CDATA[yes]]>
              </value>
            </param>
          </params>
          <reporter-output>
          </reporter-output>
        </test-method> <!-- reg_AllFields -->
        <test-method is-config="true" signature="tearDown(org.testng.ITestResult)[pri:0, instance:testCases.RegisterAccount@175c2241]" started-at="2026-02-19T06:13:27 IST" name="tearDown" finished-at="2026-02-19T06:13:27 IST" duration-ms="507" status="PASS">
          <params>
            <param index="0">
              <value>
                <![CDATA[[TestResult name=reg_AllFields status=SUCCESS method=RegisterAccount.reg_AllFields(java.lang.String,java.lang.String,java.lang.String,java.lang.String,java.lang.String,java.lang.String)[pri:2, instance:testCases.RegisterAccount@175c2241] output={null}]]]>
              </value>
            </param>
          </params>
          <reporter-output>
          </reporter-output>
        </test-method> <!-- tearDown -->
        <test-method is-config="true" signature="setup()[pri:0, instance:testCases.RegisterAccount@175c2241]" started-at="2026-02-19T06:13:27 IST" name="setup" finished-at="2026-02-19T06:13:29 IST" duration-ms="1632" status="PASS">
          <reporter-output>
          </reporter-output>
        </test-method> <!-- setup -->
        <test-method signature="reg_NoFields(java.lang.String)[pri:3, instance:testCases.RegisterAccount@175c2241]" started-at="2026-02-19T06:13:29 IST" name="reg_NoFields" data-provider="NegativeData" finished-at="2026-02-19T06:13:31 IST" duration-ms="1917" status="PASS">
          <params>
            <param index="0">
              <value>
                <![CDATA[Warning: You must agree to the Privacy Policy!]]>
              </value>
            </param>
          </params>
          <reporter-output>
          </reporter-output>
        </test-method> <!-- reg_NoFields -->
        <test-method is-config="true" signature="tearDown(org.testng.ITestResult)[pri:0, instance:testCases.RegisterAccount@175c2241]" started-at="2026-02-19T06:13:31 IST" name="tearDown" finished-at="2026-02-19T06:13:31 IST" duration-ms="435" status="PASS">
          <params>
            <param index="0">
              <value>
                <![CDATA[[TestResult name=reg_NoFields status=SUCCESS method=RegisterAccount.reg_NoFields(java.lang.String)[pri:3, instance:testCases.RegisterAccount@175c2241] output={null}]]]>
              </value>
            </param>
          </params>
          <reporter-output>
          </reporter-output>
        </test-method> <!-- tearDown -->
      </class> <!-- testCases.RegisterAccount -->
    </test> <!-- Test -->
  </suite> <!-- Suite -->
</testng-results>
