<?xml version="1.0" encoding="UTF-8"?>
<!-- Generated by org.testng.reporters.JUnitReportReporter -->
<testsuite hostname="LAPTOP-QMS3NT3N" failures="0" tests="5" name="testCases.RegisterAccount" time="28.322" errors="0" timestamp="2026-02-19T06:13:31 IST" skipped="0">
  <testcase classname="testCases.RegisterAccount" name="reg_MandatoryFields" time="5.234"/>
  <testcase classname="testCases.RegisterAccount" name="reg_MandatoryFields" time="5.718"/>
  <testcase classname="testCases.RegisterAccount" name="reg_AllFields" time="7.509"/>
  <testcase classname="testCases.RegisterAccount" name="reg_AllFields" time="5.354"/>
  <testcase classname="testCases.RegisterAccount" name="reg_NoFields" time="4.507"/>
</testsuite> <!-- testCases.RegisterAccount -->
