<?xml version="1.0" encoding="UTF-8"?>
<!-- Generated by org.testng.reporters.JUnitReportReporter -->
<testsuite hostname="LAPTOP-QMS3NT3N" failures="0" tests="3" name="testCases.Search" time="1.537" errors="0" timestamp="2026-02-19T05:29:15 IST" skipped="0">
  <testcase classname="testCases.Search" name="sr_ValidProduct" time="0.684"/>
  <testcase classname="testCases.Search" name="sr_InvalidProduct" time="0.505"/>
  <testcase classname="testCases.Search" name="sr_NOProduct" time="0.348"/>
</testsuite> <!-- testCases.Search -->
