<?xml version="1.0" encoding="UTF-8"?>
<!-- Generated by org.testng.reporters.JUnitReportReporter -->
<testsuite hostname="LAPTOP-QMS3NT3N" failures="0" tests="5" name="testCases.RegisterAccount" time="23.131" errors="0" timestamp="2026-02-21T16:12:15 IST" skipped="0">
  <testcase classname="testCases.RegisterAccount" name="reg_MandatoryFields" time="4.913"/>
  <testcase classname="testCases.RegisterAccount" name="reg_MandatoryFields" time="4.937"/>
  <testcase classname="testCases.RegisterAccount" name="reg_AllFields" time="4.325"/>
  <testcase classname="testCases.RegisterAccount" name="reg_AllFields" time="5.774"/>
  <testcase classname="testCases.RegisterAccount" name="reg_NoFields" time="3.182"/>
</testsuite> <!-- testCases.RegisterAccount -->
